<?xml version="1.0" encoding="UTF-8"?>
<!-- Generated by org.testng.reporters.JUnitXMLReporter -->
<testsuite hostname="IBM412-R90K0JAR" ignored="0" name="Default test" tests="10" failures="0" timestamp="16 Mar 2018 00:56:54 GMT" time="241.379" errors="0">
  <testcase name="verifyContactLabelTest" time="0.855" classname="testcases.ContactsPageTest"/>
  <testcase name="selectContactscheckboxbynameTest" time="0.811" classname="testcases.ContactsPageTest"/>
  <testcase name="validateNewContact" time="10.744" classname="testcases.ContactsPageTest"/>
  <testcase name="validateNewContact" time="10.757" classname="testcases.ContactsPageTest"/>
  <testcase name="validateNewContact" time="10.677" classname="testcases.ContactsPageTest"/>
  <testcase name="validateNewContact" time="10.86" classname="testcases.ContactsPageTest"/>
  <testcase name="validateNewContact1" time="10.796" classname="testcases.ContactsPageTest"/>
  <testcase name="validateNewContact1" time="10.708" classname="testcases.ContactsPageTest"/>
  <testcase name="validateNewContact1" time="10.918" classname="testcases.ContactsPageTest"/>
  <testcase name="validateNewContact1" time="10.903" classname="testcases.ContactsPageTest"/>
</testsuite> <!-- Default test -->
