<?xml version="1.0" encoding="UTF-8"?>
<!-- Generated by org.testng.reporters.JUnitXMLReporter -->
<testsuite hostname="IBM412-R90K0JAR" ignored="0" name="Free CRM Learning Automation Test Cases" tests="3" failures="0" timestamp="19 Mar 2018 03:22:05 GMT" time="42.223" errors="0">
  <testcase name="verifyHomePageTitleTest" time="0.022" classname="testcases.HomePageTest"/>
  <testcase name="verifyUserNameTest" time="0.102" classname="testcases.HomePageTest"/>
  <testcase name="verifyContactsLinkTest" time="0.171" classname="testcases.HomePageTest"/>
</testsuite> <!-- Free CRM Learning Automation Test Cases -->
