<?xml version="1.0" encoding="UTF-8"?>
<!-- Generated by org.testng.reporters.JUnitXMLReporter -->
<testsuite hostname="IBM412-R90K0JAR" ignored="0" name="Free CRM Learning Automation Test Cases" tests="3" failures="1" timestamp="28 Jun 2018 04:05:53 GMT" time="25.634" errors="0">
  <testcase name="LoginPageTitle" time="0.08" classname="testcases.LoginPageTest">
    <failure type="java.lang.AssertionError" message="expected [1 Free CRM for Any Business: Online Customer Relationship Software] but found [Free CRM software in the cloud powers sales and customer service]">
      <![CDATA[java.lang.AssertionError: expected [1 Free CRM for Any Business: Online Customer Relationship Software] but found [Free CRM software in the cloud powers sales and customer service]
	at testcases.LoginPageTest.LoginPageTitle(LoginPageTest.java:45)
... Removed 31 stack frames]]>
    </failure>
  </testcase> <!-- LoginPageTitle -->
  <testcase name="CRMLogoImgTest" time="0.185" classname="testcases.LoginPageTest"/>
  <testcase name="LoginTest" time="7.165" classname="testcases.LoginPageTest"/>
</testsuite> <!-- Free CRM Learning Automation Test Cases -->
