<?xml version="1.0" encoding="UTF-8"?>
<testng-results skipped="0" failed="3" ignored="0" total="3" passed="0">
  <reporter-output>
  </reporter-output>
  <suite name="Default suite" duration-ms="10107" started-at="2018-04-08T17:03:36Z" finished-at="2018-04-08T17:03:46Z">
    <groups>
    </groups>
    <test name="Default test" duration-ms="10107" started-at="2018-04-08T17:03:36Z" finished-at="2018-04-08T17:03:46Z">
      <class name="testcases.LoginPageTest">
        <test-method status="PASS" signature="SetUp()[pri:0, instance:testcases.LoginPageTest@1bce4f0a]" name="SetUp" is-config="true" duration-ms="3808" started-at="2018-04-08T14:03:36Z" finished-at="2018-04-08T14:03:39Z">
          <reporter-output>
          </reporter-output>
        </test-method> <!-- SetUp -->
        <test-method status="FAIL" signature="LoginPageTitle()[pri:1, instance:testcases.LoginPageTest@1bce4f0a]" name="LoginPageTitle" duration-ms="130" started-at="2018-04-08T14:03:39Z" finished-at="2018-04-08T14:03:40Z">
          <exception class="org.openqa.selenium.NoSuchWindowException">
            <message>
              <![CDATA[Unable to get browser (WARNING: The server did not provide any stacktrace information)
Command duration or timeout: 0 milliseconds
Build info: version: '3.10.0', revision: '176b4a9', time: '2018-03-02T19:03:16.397Z'
System info: host: 'IBM412-R90K0JAR', ip: '192.168.2.13', os.name: 'Windows 7', os.arch: 'amd64', os.version: '6.1', java.version: '1.8.0_144'
Driver info: org.openqa.selenium.ie.InternetExplorerDriver
Capabilities {browserAttachTimeout: 0, browserName: internet explorer, cssSelectorsEnabled: true, elementScrollBehavior: 0, enableElementCacheCleanup: true, enablePersistentHover: true, handlesAlerts: true, ie.browserCommandLineSwitches: , ie.ensureCleanSession: false, ie.forceCreateProcessApi: false, ie.usePerProcessProxy: false, ignoreProtectedModeSettings: false, ignoreZoomSetting: false, initialBrowserUrl: http://localhost:37250/, javascriptEnabled: true, nativeEvents: true, platform: WINDOWS, platformName: WINDOWS, requireWindowFocus: false, takesScreenshot: true, unexpectedAlertBehaviour: dismiss, unhandledPromptBehavior: dismiss, version: 11}
Session ID: e196755d-978a-4360-b7fe-ef276c9ecd4b]]>
            </message>
            <full-stacktrace>
              <![CDATA[org.openqa.selenium.NoSuchWindowException: Unable to get browser (WARNING: The server did not provide any stacktrace information)
Command duration or timeout: 0 milliseconds
Build info: version: '3.10.0', revision: '176b4a9', time: '2018-03-02T19:03:16.397Z'
System info: host: 'IBM412-R90K0JAR', ip: '192.168.2.13', os.name: 'Windows 7', os.arch: 'amd64', os.version: '6.1', java.version: '1.8.0_144'
Driver info: org.openqa.selenium.ie.InternetExplorerDriver
Capabilities {browserAttachTimeout: 0, browserName: internet explorer, cssSelectorsEnabled: true, elementScrollBehavior: 0, enableElementCacheCleanup: true, enablePersistentHover: true, handlesAlerts: true, ie.browserCommandLineSwitches: , ie.ensureCleanSession: false, ie.forceCreateProcessApi: false, ie.usePerProcessProxy: false, ignoreProtectedModeSettings: false, ignoreZoomSetting: false, initialBrowserUrl: http://localhost:37250/, javascriptEnabled: true, nativeEvents: true, platform: WINDOWS, platformName: WINDOWS, requireWindowFocus: false, takesScreenshot: true, unexpectedAlertBehaviour: dismiss, unhandledPromptBehavior: dismiss, version: 11}
Session ID: e196755d-978a-4360-b7fe-ef276c9ecd4b
	at sun.reflect.NativeConstructorAccessorImpl.newInstance0(Native Method)
	at sun.reflect.NativeConstructorAccessorImpl.newInstance(Unknown Source)
	at sun.reflect.DelegatingConstructorAccessorImpl.newInstance(Unknown Source)
	at java.lang.reflect.Constructor.newInstance(Unknown Source)
	at org.openqa.selenium.remote.ErrorHandler.createThrowable(ErrorHandler.java:214)
	at org.openqa.selenium.remote.ErrorHandler.throwIfResponseFailed(ErrorHandler.java:166)
	at org.openqa.selenium.remote.http.JsonHttpResponseCodec.reconstructValue(JsonHttpResponseCodec.java:40)
	at org.openqa.selenium.remote.http.AbstractHttpResponseCodec.decode(AbstractHttpResponseCodec.java:80)
	at org.openqa.selenium.remote.http.AbstractHttpResponseCodec.decode(AbstractHttpResponseCodec.java:44)
	at org.openqa.selenium.remote.HttpCommandExecutor.execute(HttpCommandExecutor.java:160)
	at org.openqa.selenium.remote.service.DriverCommandExecutor.execute(DriverCommandExecutor.java:83)
	at org.openqa.selenium.remote.RemoteWebDriver.execute(RemoteWebDriver.java:601)
	at org.openqa.selenium.remote.RemoteWebDriver.execute(RemoteWebDriver.java:658)
	at org.openqa.selenium.remote.RemoteWebDriver.getTitle(RemoteWebDriver.java:329)
	at sun.reflect.NativeMethodAccessorImpl.invoke0(Native Method)
	at sun.reflect.NativeMethodAccessorImpl.invoke(Unknown Source)
	at sun.reflect.DelegatingMethodAccessorImpl.invoke(Unknown Source)
	at java.lang.reflect.Method.invoke(Unknown Source)
	at org.openqa.selenium.support.events.EventFiringWebDriver.lambda$new$1(EventFiringWebDriver.java:103)
	at com.sun.proxy.$Proxy8.getTitle(Unknown Source)
	at org.openqa.selenium.support.events.EventFiringWebDriver.getTitle(EventFiringWebDriver.java:170)
	at Pages.LoginPage.ValidateLoginPageTitle(LoginPage.java:39)
	at testcases.LoginPageTest.LoginPageTitle(LoginPageTest.java:45)
	at sun.reflect.NativeMethodAccessorImpl.invoke0(Native Method)
	at sun.reflect.NativeMethodAccessorImpl.invoke(Unknown Source)
	at sun.reflect.DelegatingMethodAccessorImpl.invoke(Unknown Source)
	at java.lang.reflect.Method.invoke(Unknown Source)
	at org.testng.internal.MethodInvocationHelper.invokeMethod(MethodInvocationHelper.java:108)
	at org.testng.internal.Invoker.invokeMethod(Invoker.java:661)
	at org.testng.internal.Invoker.invokeTestMethod(Invoker.java:869)
	at org.testng.internal.Invoker.invokeTestMethods(Invoker.java:1193)
	at org.testng.internal.TestMethodWorker.invokeTestMethods(TestMethodWorker.java:126)
	at org.testng.internal.TestMethodWorker.run(TestMethodWorker.java:109)
	at org.testng.TestRunner.privateRun(TestRunner.java:744)
	at org.testng.TestRunner.run(TestRunner.java:602)
	at org.testng.SuiteRunner.runTest(SuiteRunner.java:380)
	at org.testng.SuiteRunner.runSequentially(SuiteRunner.java:375)
	at org.testng.SuiteRunner.privateRun(SuiteRunner.java:340)
	at org.testng.SuiteRunner.run(SuiteRunner.java:289)
	at org.testng.SuiteRunnerWorker.runSuite(SuiteRunnerWorker.java:52)
	at org.testng.SuiteRunnerWorker.run(SuiteRunnerWorker.java:86)
	at org.testng.TestNG.runSuitesSequentially(TestNG.java:1301)
	at org.testng.TestNG.runSuitesLocally(TestNG.java:1226)
	at org.testng.TestNG.runSuites(TestNG.java:1144)
	at org.testng.TestNG.run(TestNG.java:1115)
	at org.testng.remote.AbstractRemoteTestNG.run(AbstractRemoteTestNG.java:114)
	at org.testng.remote.RemoteTestNG.initAndRun(RemoteTestNG.java:251)
	at org.testng.remote.RemoteTestNG.main(RemoteTestNG.java:77)
]]>
            </full-stacktrace>
          </exception> <!-- org.openqa.selenium.NoSuchWindowException -->
          <reporter-output>
          </reporter-output>
        </test-method> <!-- LoginPageTitle -->
        <test-method status="PASS" signature="TearDown()[pri:0, instance:testcases.LoginPageTest@1bce4f0a]" name="TearDown" is-config="true" duration-ms="630" started-at="2018-04-08T14:03:40Z" finished-at="2018-04-08T14:03:40Z">
          <reporter-output>
          </reporter-output>
        </test-method> <!-- TearDown -->
        <test-method status="PASS" signature="SetUp()[pri:0, instance:testcases.LoginPageTest@1bce4f0a]" name="SetUp" is-config="true" duration-ms="2198" started-at="2018-04-08T14:03:40Z" finished-at="2018-04-08T14:03:42Z">
          <reporter-output>
          </reporter-output>
        </test-method> <!-- SetUp -->
        <test-method status="FAIL" signature="CRMLogoImgTest()[pri:2, instance:testcases.LoginPageTest@1bce4f0a]" name="CRMLogoImgTest" duration-ms="11" started-at="2018-04-08T14:03:42Z" finished-at="2018-04-08T14:03:42Z">
          <exception class="org.openqa.selenium.NoSuchWindowException">
            <message>
              <![CDATA[Unable to find element on closed window (WARNING: The server did not provide any stacktrace information)
Command duration or timeout: 0 milliseconds
Build info: version: '3.10.0', revision: '176b4a9', time: '2018-03-02T19:03:16.397Z'
System info: host: 'IBM412-R90K0JAR', ip: '192.168.2.13', os.name: 'Windows 7', os.arch: 'amd64', os.version: '6.1', java.version: '1.8.0_144'
Driver info: org.openqa.selenium.ie.InternetExplorerDriver
Capabilities {browserAttachTimeout: 0, browserName: internet explorer, cssSelectorsEnabled: true, elementScrollBehavior: 0, enableElementCacheCleanup: true, enablePersistentHover: true, handlesAlerts: true, ie.browserCommandLineSwitches: , ie.ensureCleanSession: false, ie.forceCreateProcessApi: false, ie.usePerProcessProxy: false, ignoreProtectedModeSettings: false, ignoreZoomSetting: false, initialBrowserUrl: http://localhost:32612/, javascriptEnabled: true, nativeEvents: true, platform: WINDOWS, platformName: WINDOWS, requireWindowFocus: false, takesScreenshot: true, unexpectedAlertBehaviour: dismiss, unhandledPromptBehavior: dismiss, version: 11}
Session ID: 48bf512b-4328-4646-b411-56a84861ad4a
*** Element info: {Using=xpath, value=(//img[@class ='img-responsive'])[1]}]]>
            </message>
            <full-stacktrace>
              <![CDATA[org.openqa.selenium.NoSuchWindowException: Unable to find element on closed window (WARNING: The server did not provide any stacktrace information)
Command duration or timeout: 0 milliseconds
Build info: version: '3.10.0', revision: '176b4a9', time: '2018-03-02T19:03:16.397Z'
System info: host: 'IBM412-R90K0JAR', ip: '192.168.2.13', os.name: 'Windows 7', os.arch: 'amd64', os.version: '6.1', java.version: '1.8.0_144'
Driver info: org.openqa.selenium.ie.InternetExplorerDriver
Capabilities {browserAttachTimeout: 0, browserName: internet explorer, cssSelectorsEnabled: true, elementScrollBehavior: 0, enableElementCacheCleanup: true, enablePersistentHover: true, handlesAlerts: true, ie.browserCommandLineSwitches: , ie.ensureCleanSession: false, ie.forceCreateProcessApi: false, ie.usePerProcessProxy: false, ignoreProtectedModeSettings: false, ignoreZoomSetting: false, initialBrowserUrl: http://localhost:32612/, javascriptEnabled: true, nativeEvents: true, platform: WINDOWS, platformName: WINDOWS, requireWindowFocus: false, takesScreenshot: true, unexpectedAlertBehaviour: dismiss, unhandledPromptBehavior: dismiss, version: 11}
Session ID: 48bf512b-4328-4646-b411-56a84861ad4a
*** Element info: {Using=xpath, value=(//img[@class ='img-responsive'])[1]}
	at sun.reflect.NativeConstructorAccessorImpl.newInstance0(Native Method)
	at sun.reflect.NativeConstructorAccessorImpl.newInstance(Unknown Source)
	at sun.reflect.DelegatingConstructorAccessorImpl.newInstance(Unknown Source)
	at java.lang.reflect.Constructor.newInstance(Unknown Source)
	at org.openqa.selenium.remote.ErrorHandler.createThrowable(ErrorHandler.java:214)
	at org.openqa.selenium.remote.ErrorHandler.throwIfResponseFailed(ErrorHandler.java:166)
	at org.openqa.selenium.remote.http.JsonHttpResponseCodec.reconstructValue(JsonHttpResponseCodec.java:40)
	at org.openqa.selenium.remote.http.AbstractHttpResponseCodec.decode(AbstractHttpResponseCodec.java:80)
	at org.openqa.selenium.remote.http.AbstractHttpResponseCodec.decode(AbstractHttpResponseCodec.java:44)
	at org.openqa.selenium.remote.HttpCommandExecutor.execute(HttpCommandExecutor.java:160)
	at org.openqa.selenium.remote.service.DriverCommandExecutor.execute(DriverCommandExecutor.java:83)
	at org.openqa.selenium.remote.RemoteWebDriver.execute(RemoteWebDriver.java:601)
	at org.openqa.selenium.remote.RemoteWebDriver.findElement(RemoteWebDriver.java:371)
	at org.openqa.selenium.remote.RemoteWebDriver.findElementByXPath(RemoteWebDriver.java:473)
	at org.openqa.selenium.By$ByXPath.findElement(By.java:361)
	at org.openqa.selenium.remote.RemoteWebDriver.findElement(RemoteWebDriver.java:363)
	at sun.reflect.NativeMethodAccessorImpl.invoke0(Native Method)
	at sun.reflect.NativeMethodAccessorImpl.invoke(Unknown Source)
	at sun.reflect.DelegatingMethodAccessorImpl.invoke(Unknown Source)
	at java.lang.reflect.Method.invoke(Unknown Source)
	at org.openqa.selenium.support.events.EventFiringWebDriver.lambda$new$1(EventFiringWebDriver.java:103)
	at com.sun.proxy.$Proxy8.findElement(Unknown Source)
	at org.openqa.selenium.support.events.EventFiringWebDriver.findElement(EventFiringWebDriver.java:186)
	at org.openqa.selenium.support.pagefactory.DefaultElementLocator.findElement(DefaultElementLocator.java:69)
	at org.openqa.selenium.support.pagefactory.internal.LocatingElementHandler.invoke(LocatingElementHandler.java:38)
	at com.sun.proxy.$Proxy12.isDisplayed(Unknown Source)
	at Pages.LoginPage.ValidateCRMImage(LoginPage.java:48)
	at testcases.LoginPageTest.CRMLogoImgTest(LoginPageTest.java:53)
	at sun.reflect.NativeMethodAccessorImpl.invoke0(Native Method)
	at sun.reflect.NativeMethodAccessorImpl.invoke(Unknown Source)
	at sun.reflect.DelegatingMethodAccessorImpl.invoke(Unknown Source)
	at java.lang.reflect.Method.invoke(Unknown Source)
	at org.testng.internal.MethodInvocationHelper.invokeMethod(MethodInvocationHelper.java:108)
	at org.testng.internal.Invoker.invokeMethod(Invoker.java:661)
	at org.testng.internal.Invoker.invokeTestMethod(Invoker.java:869)
	at org.testng.internal.Invoker.invokeTestMethods(Invoker.java:1193)
	at org.testng.internal.TestMethodWorker.invokeTestMethods(TestMethodWorker.java:126)
	at org.testng.internal.TestMethodWorker.run(TestMethodWorker.java:109)
	at org.testng.TestRunner.privateRun(TestRunner.java:744)
	at org.testng.TestRunner.run(TestRunner.java:602)
	at org.testng.SuiteRunner.runTest(SuiteRunner.java:380)
	at org.testng.SuiteRunner.runSequentially(SuiteRunner.java:375)
	at org.testng.SuiteRunner.privateRun(SuiteRunner.java:340)
	at org.testng.SuiteRunner.run(SuiteRunner.java:289)
	at org.testng.SuiteRunnerWorker.runSuite(SuiteRunnerWorker.java:52)
	at org.testng.SuiteRunnerWorker.run(SuiteRunnerWorker.java:86)
	at org.testng.TestNG.runSuitesSequentially(TestNG.java:1301)
	at org.testng.TestNG.runSuitesLocally(TestNG.java:1226)
	at org.testng.TestNG.runSuites(TestNG.java:1144)
	at org.testng.TestNG.run(TestNG.java:1115)
	at org.testng.remote.AbstractRemoteTestNG.run(AbstractRemoteTestNG.java:114)
	at org.testng.remote.RemoteTestNG.initAndRun(RemoteTestNG.java:251)
	at org.testng.remote.RemoteTestNG.main(RemoteTestNG.java:77)
]]>
            </full-stacktrace>
          </exception> <!-- org.openqa.selenium.NoSuchWindowException -->
          <reporter-output>
          </reporter-output>
        </test-method> <!-- CRMLogoImgTest -->
        <test-method status="PASS" signature="TearDown()[pri:0, instance:testcases.LoginPageTest@1bce4f0a]" name="TearDown" is-config="true" duration-ms="526" started-at="2018-04-08T14:03:42Z" finished-at="2018-04-08T14:03:43Z">
          <reporter-output>
          </reporter-output>
        </test-method> <!-- TearDown -->
        <test-method status="PASS" signature="SetUp()[pri:0, instance:testcases.LoginPageTest@1bce4f0a]" name="SetUp" is-config="true" duration-ms="2210" started-at="2018-04-08T14:03:43Z" finished-at="2018-04-08T14:03:45Z">
          <reporter-output>
          </reporter-output>
        </test-method> <!-- SetUp -->
        <test-method status="FAIL" signature="LoginTest()[pri:3, instance:testcases.LoginPageTest@1bce4f0a]" name="LoginTest" duration-ms="10" started-at="2018-04-08T14:03:45Z" finished-at="2018-04-08T14:03:45Z">
          <exception class="org.openqa.selenium.NoSuchWindowException">
            <message>
              <![CDATA[Unable to find element on closed window (WARNING: The server did not provide any stacktrace information)
Command duration or timeout: 0 milliseconds
Build info: version: '3.10.0', revision: '176b4a9', time: '2018-03-02T19:03:16.397Z'
System info: host: 'IBM412-R90K0JAR', ip: '192.168.2.13', os.name: 'Windows 7', os.arch: 'amd64', os.version: '6.1', java.version: '1.8.0_144'
Driver info: org.openqa.selenium.ie.InternetExplorerDriver
Capabilities {browserAttachTimeout: 0, browserName: internet explorer, cssSelectorsEnabled: true, elementScrollBehavior: 0, enableElementCacheCleanup: true, enablePersistentHover: true, handlesAlerts: true, ie.browserCommandLineSwitches: , ie.ensureCleanSession: false, ie.forceCreateProcessApi: false, ie.usePerProcessProxy: false, ignoreProtectedModeSettings: false, ignoreZoomSetting: false, initialBrowserUrl: http://localhost:22643/, javascriptEnabled: true, nativeEvents: true, platform: WINDOWS, platformName: WINDOWS, requireWindowFocus: false, takesScreenshot: true, unexpectedAlertBehaviour: dismiss, unhandledPromptBehavior: dismiss, version: 11}
Session ID: 105150e5-d0c5-41c1-b8f1-829e1f2f3459
*** Element info: {Using=name, value=username}]]>
            </message>
            <full-stacktrace>
              <![CDATA[org.openqa.selenium.NoSuchWindowException: Unable to find element on closed window (WARNING: The server did not provide any stacktrace information)
Command duration or timeout: 0 milliseconds
Build info: version: '3.10.0', revision: '176b4a9', time: '2018-03-02T19:03:16.397Z'
System info: host: 'IBM412-R90K0JAR', ip: '192.168.2.13', os.name: 'Windows 7', os.arch: 'amd64', os.version: '6.1', java.version: '1.8.0_144'
Driver info: org.openqa.selenium.ie.InternetExplorerDriver
Capabilities {browserAttachTimeout: 0, browserName: internet explorer, cssSelectorsEnabled: true, elementScrollBehavior: 0, enableElementCacheCleanup: true, enablePersistentHover: true, handlesAlerts: true, ie.browserCommandLineSwitches: , ie.ensureCleanSession: false, ie.forceCreateProcessApi: false, ie.usePerProcessProxy: false, ignoreProtectedModeSettings: false, ignoreZoomSetting: false, initialBrowserUrl: http://localhost:22643/, javascriptEnabled: true, nativeEvents: true, platform: WINDOWS, platformName: WINDOWS, requireWindowFocus: false, takesScreenshot: true, unexpectedAlertBehaviour: dismiss, unhandledPromptBehavior: dismiss, version: 11}
Session ID: 105150e5-d0c5-41c1-b8f1-829e1f2f3459
*** Element info: {Using=name, value=username}
	at sun.reflect.NativeConstructorAccessorImpl.newInstance0(Native Method)
	at sun.reflect.NativeConstructorAccessorImpl.newInstance(Unknown Source)
	at sun.reflect.DelegatingConstructorAccessorImpl.newInstance(Unknown Source)
	at java.lang.reflect.Constructor.newInstance(Unknown Source)
	at org.openqa.selenium.remote.ErrorHandler.createThrowable(ErrorHandler.java:214)
	at org.openqa.selenium.remote.ErrorHandler.throwIfResponseFailed(ErrorHandler.java:166)
	at org.openqa.selenium.remote.http.JsonHttpResponseCodec.reconstructValue(JsonHttpResponseCodec.java:40)
	at org.openqa.selenium.remote.http.AbstractHttpResponseCodec.decode(AbstractHttpResponseCodec.java:80)
	at org.openqa.selenium.remote.http.AbstractHttpResponseCodec.decode(AbstractHttpResponseCodec.java:44)
	at org.openqa.selenium.remote.HttpCommandExecutor.execute(HttpCommandExecutor.java:160)
	at org.openqa.selenium.remote.service.DriverCommandExecutor.execute(DriverCommandExecutor.java:83)
	at org.openqa.selenium.remote.RemoteWebDriver.execute(RemoteWebDriver.java:601)
	at org.openqa.selenium.remote.RemoteWebDriver.findElement(RemoteWebDriver.java:371)
	at org.openqa.selenium.remote.RemoteWebDriver.findElementByName(RemoteWebDriver.java:449)
	at org.openqa.selenium.By$ByName.findElement(By.java:303)
	at org.openqa.selenium.remote.RemoteWebDriver.findElement(RemoteWebDriver.java:363)
	at sun.reflect.NativeMethodAccessorImpl.invoke0(Native Method)
	at sun.reflect.NativeMethodAccessorImpl.invoke(Unknown Source)
	at sun.reflect.DelegatingMethodAccessorImpl.invoke(Unknown Source)
	at java.lang.reflect.Method.invoke(Unknown Source)
	at org.openqa.selenium.support.events.EventFiringWebDriver.lambda$new$1(EventFiringWebDriver.java:103)
	at com.sun.proxy.$Proxy8.findElement(Unknown Source)
	at org.openqa.selenium.support.events.EventFiringWebDriver.findElement(EventFiringWebDriver.java:186)
	at org.openqa.selenium.support.pagefactory.DefaultElementLocator.findElement(DefaultElementLocator.java:69)
	at org.openqa.selenium.support.pagefactory.internal.LocatingElementHandler.invoke(LocatingElementHandler.java:38)
	at com.sun.proxy.$Proxy12.sendKeys(Unknown Source)
	at Pages.LoginPage.Login(LoginPage.java:52)
	at testcases.LoginPageTest.LoginTest(LoginPageTest.java:59)
	at sun.reflect.NativeMethodAccessorImpl.invoke0(Native Method)
	at sun.reflect.NativeMethodAccessorImpl.invoke(Unknown Source)
	at sun.reflect.DelegatingMethodAccessorImpl.invoke(Unknown Source)
	at java.lang.reflect.Method.invoke(Unknown Source)
	at org.testng.internal.MethodInvocationHelper.invokeMethod(MethodInvocationHelper.java:108)
	at org.testng.internal.Invoker.invokeMethod(Invoker.java:661)
	at org.testng.internal.Invoker.invokeTestMethod(Invoker.java:869)
	at org.testng.internal.Invoker.invokeTestMethods(Invoker.java:1193)
	at org.testng.internal.TestMethodWorker.invokeTestMethods(TestMethodWorker.java:126)
	at org.testng.internal.TestMethodWorker.run(TestMethodWorker.java:109)
	at org.testng.TestRunner.privateRun(TestRunner.java:744)
	at org.testng.TestRunner.run(TestRunner.java:602)
	at org.testng.SuiteRunner.runTest(SuiteRunner.java:380)
	at org.testng.SuiteRunner.runSequentially(SuiteRunner.java:375)
	at org.testng.SuiteRunner.privateRun(SuiteRunner.java:340)
	at org.testng.SuiteRunner.run(SuiteRunner.java:289)
	at org.testng.SuiteRunnerWorker.runSuite(SuiteRunnerWorker.java:52)
	at org.testng.SuiteRunnerWorker.run(SuiteRunnerWorker.java:86)
	at org.testng.TestNG.runSuitesSequentially(TestNG.java:1301)
	at org.testng.TestNG.runSuitesLocally(TestNG.java:1226)
	at org.testng.TestNG.runSuites(TestNG.java:1144)
	at org.testng.TestNG.run(TestNG.java:1115)
	at org.testng.remote.AbstractRemoteTestNG.run(AbstractRemoteTestNG.java:114)
	at org.testng.remote.RemoteTestNG.initAndRun(RemoteTestNG.java:251)
	at org.testng.remote.RemoteTestNG.main(RemoteTestNG.java:77)
]]>
            </full-stacktrace>
          </exception> <!-- org.openqa.selenium.NoSuchWindowException -->
          <reporter-output>
          </reporter-output>
        </test-method> <!-- LoginTest -->
        <test-method status="PASS" signature="TearDown()[pri:0, instance:testcases.LoginPageTest@1bce4f0a]" name="TearDown" is-config="true" duration-ms="531" started-at="2018-04-08T14:03:45Z" finished-at="2018-04-08T14:03:46Z">
          <reporter-output>
          </reporter-output>
        </test-method> <!-- TearDown -->
      </class> <!-- testcases.LoginPageTest -->
    </test> <!-- Default test -->
  </suite> <!-- Default suite -->
</testng-results>
