<?xml version="1.0" encoding="UTF-8"?>
<testng-results skipped="0" failed="0" ignored="0" total="1" passed="1">
  <reporter-output>
  </reporter-output>
  <suite name="Default suite" duration-ms="9536" started-at="2020-09-12T21:23:45Z" finished-at="2020-09-12T21:23:55Z">
    <groups>
    </groups>
    <test name="Default test" duration-ms="9536" started-at="2020-09-12T21:23:45Z" finished-at="2020-09-12T21:23:55Z">
      <class name="testcases.GoogleDocTest">
        <test-method status="PASS" signature="SetUp()[pri:0, instance:testcases.GoogleDocTest@7ee955a8]" name="SetUp" is-config="true" duration-ms="6216" started-at="2020-09-12T17:23:45Z" finished-at="2020-09-12T17:23:51Z">
          <reporter-output>
          </reporter-output>
        </test-method> <!-- SetUp -->
        <test-method status="PASS" signature="selectRadioButton()[pri:0, instance:testcases.GoogleDocTest@7ee955a8]" name="selectRadioButton" duration-ms="3300" started-at="2020-09-12T17:23:51Z" finished-at="2020-09-12T17:23:55Z">
          <reporter-output>
          </reporter-output>
        </test-method> <!-- selectRadioButton -->
        <test-method status="PASS" signature="TearDown()[pri:0, instance:testcases.GoogleDocTest@7ee955a8]" name="TearDown" is-config="true" duration-ms="0" started-at="2020-09-12T17:23:55Z" finished-at="2020-09-12T17:23:55Z">
          <reporter-output>
          </reporter-output>
        </test-method> <!-- TearDown -->
      </class> <!-- testcases.GoogleDocTest -->
    </test> <!-- Default test -->
  </suite> <!-- Default suite -->
</testng-results>
