<?xml version="1.0" encoding="UTF-8"?>
<testng-results skipped="0" failed="1" ignored="0" total="3" passed="2">
  <reporter-output>
  </reporter-output>
  <suite name="Default suite" duration-ms="21660" started-at="2018-06-28T04:42:43Z" finished-at="2018-06-28T04:43:05Z">
    <groups>
    </groups>
    <test name="Default test" duration-ms="21660" started-at="2018-06-28T04:42:43Z" finished-at="2018-06-28T04:43:05Z">
      <class name="testcases.LoginPageTest">
        <test-method status="PASS" signature="SetUp()[pri:0, instance:testcases.LoginPageTest@1bce4f0a]" name="SetUp" is-config="true" duration-ms="4723" started-at="2018-06-28T01:42:43Z" finished-at="2018-06-28T01:42:48Z">
          <reporter-output>
          </reporter-output>
        </test-method> <!-- SetUp -->
        <test-method status="PASS" signature="LoginPageTitle()[pri:1, instance:testcases.LoginPageTest@1bce4f0a]" name="LoginPageTitle" duration-ms="51" started-at="2018-06-28T01:42:48Z" finished-at="2018-06-28T01:42:48Z">
          <reporter-output>
          </reporter-output>
        </test-method> <!-- LoginPageTitle -->
        <test-method status="PASS" signature="TearDown()[pri:0, instance:testcases.LoginPageTest@1bce4f0a]" name="TearDown" is-config="true" duration-ms="751" started-at="2018-06-28T01:42:48Z" finished-at="2018-06-28T01:42:48Z">
          <reporter-output>
          </reporter-output>
        </test-method> <!-- TearDown -->
        <test-method status="PASS" signature="SetUp()[pri:0, instance:testcases.LoginPageTest@1bce4f0a]" name="SetUp" is-config="true" duration-ms="3422" started-at="2018-06-28T01:42:48Z" finished-at="2018-06-28T01:42:52Z">
          <reporter-output>
          </reporter-output>
        </test-method> <!-- SetUp -->
        <test-method status="PASS" signature="CRMLogoImgTest()[pri:2, instance:testcases.LoginPageTest@1bce4f0a]" name="CRMLogoImgTest" duration-ms="155" started-at="2018-06-28T01:42:52Z" finished-at="2018-06-28T01:42:52Z">
          <reporter-output>
          </reporter-output>
        </test-method> <!-- CRMLogoImgTest -->
        <test-method status="PASS" signature="TearDown()[pri:0, instance:testcases.LoginPageTest@1bce4f0a]" name="TearDown" is-config="true" duration-ms="705" started-at="2018-06-28T01:42:52Z" finished-at="2018-06-28T01:42:53Z">
          <reporter-output>
          </reporter-output>
        </test-method> <!-- TearDown -->
        <test-method status="PASS" signature="SetUp()[pri:0, instance:testcases.LoginPageTest@1bce4f0a]" name="SetUp" is-config="true" duration-ms="3510" started-at="2018-06-28T01:42:53Z" finished-at="2018-06-28T01:42:56Z">
          <reporter-output>
          </reporter-output>
        </test-method> <!-- SetUp -->
        <test-method status="FAIL" signature="LoginTest()[pri:3, instance:testcases.LoginPageTest@1bce4f0a]" name="LoginTest" duration-ms="6946" started-at="2018-06-28T01:42:56Z" finished-at="2018-06-28T01:43:03Z">
          <exception class="java.lang.AssertionError">
            <message>
              <![CDATA[expected [CRMPRO] but found [Free CRM software in the cloud powers sales and customer service]]]>
            </message>
            <full-stacktrace>
              <![CDATA[java.lang.AssertionError: expected [CRMPRO] but found [Free CRM software in the cloud powers sales and customer service]
	at org.testng.Assert.fail(Assert.java:93)
	at org.testng.Assert.failNotEquals(Assert.java:512)
	at org.testng.Assert.assertEqualsImpl(Assert.java:134)
	at org.testng.Assert.assertEquals(Assert.java:115)
	at org.testng.Assert.assertEquals(Assert.java:189)
	at org.testng.Assert.assertEquals(Assert.java:199)
	at testcases.LoginPageTest.LoginTest(LoginPageTest.java:58)
	at sun.reflect.NativeMethodAccessorImpl.invoke0(Native Method)
	at sun.reflect.NativeMethodAccessorImpl.invoke(Unknown Source)
	at sun.reflect.DelegatingMethodAccessorImpl.invoke(Unknown Source)
	at java.lang.reflect.Method.invoke(Unknown Source)
	at org.testng.internal.MethodInvocationHelper.invokeMethod(MethodInvocationHelper.java:108)
	at org.testng.internal.Invoker.invokeMethod(Invoker.java:661)
	at org.testng.internal.Invoker.invokeTestMethod(Invoker.java:869)
	at org.testng.internal.Invoker.invokeTestMethods(Invoker.java:1193)
	at org.testng.internal.TestMethodWorker.invokeTestMethods(TestMethodWorker.java:126)
	at org.testng.internal.TestMethodWorker.run(TestMethodWorker.java:109)
	at org.testng.TestRunner.privateRun(TestRunner.java:744)
	at org.testng.TestRunner.run(TestRunner.java:602)
	at org.testng.SuiteRunner.runTest(SuiteRunner.java:380)
	at org.testng.SuiteRunner.runSequentially(SuiteRunner.java:375)
	at org.testng.SuiteRunner.privateRun(SuiteRunner.java:340)
	at org.testng.SuiteRunner.run(SuiteRunner.java:289)
	at org.testng.SuiteRunnerWorker.runSuite(SuiteRunnerWorker.java:52)
	at org.testng.SuiteRunnerWorker.run(SuiteRunnerWorker.java:86)
	at org.testng.TestNG.runSuitesSequentially(TestNG.java:1301)
	at org.testng.TestNG.runSuitesLocally(TestNG.java:1226)
	at org.testng.TestNG.runSuites(TestNG.java:1144)
	at org.testng.TestNG.run(TestNG.java:1115)
	at org.testng.remote.AbstractRemoteTestNG.run(AbstractRemoteTestNG.java:114)
	at org.testng.remote.RemoteTestNG.initAndRun(RemoteTestNG.java:251)
	at org.testng.remote.RemoteTestNG.main(RemoteTestNG.java:77)
]]>
            </full-stacktrace>
          </exception> <!-- java.lang.AssertionError -->
          <reporter-output>
          </reporter-output>
        </test-method> <!-- LoginTest -->
        <test-method status="PASS" signature="TearDown()[pri:0, instance:testcases.LoginPageTest@1bce4f0a]" name="TearDown" is-config="true" duration-ms="809" started-at="2018-06-28T01:43:04Z" finished-at="2018-06-28T01:43:05Z">
          <reporter-output>
          </reporter-output>
        </test-method> <!-- TearDown -->
      </class> <!-- testcases.LoginPageTest -->
    </test> <!-- Default test -->
  </suite> <!-- Default suite -->
</testng-results>
