<?xml version="1.0" encoding="UTF-8"?>
<testng-results skipped="0" failed="1" ignored="0" total="3" passed="2">
  <reporter-output>
  </reporter-output>
  <suite name="Free CRM Learning Automation Suite" duration-ms="25634" started-at="2018-06-28T04:05:28Z" finished-at="2018-06-28T04:05:53Z">
    <groups>
    </groups>
    <test name="Free CRM Learning Automation Test Cases" duration-ms="25634" started-at="2018-06-28T04:05:28Z" finished-at="2018-06-28T04:05:53Z">
      <class name="testcases.LoginPageTest">
        <test-method status="PASS" signature="SetUp()[pri:0, instance:testcases.LoginPageTest@7d9d1a19]" name="SetUp" is-config="true" duration-ms="5841" started-at="2018-06-28T01:05:28Z" finished-at="2018-06-28T01:05:33Z">
          <reporter-output>
          </reporter-output>
        </test-method> <!-- SetUp -->
        <test-method status="FAIL" signature="LoginPageTitle()[pri:1, instance:testcases.LoginPageTest@7d9d1a19]" name="LoginPageTitle" duration-ms="80" started-at="2018-06-28T01:05:33Z" finished-at="2018-06-28T01:05:34Z">
          <exception class="java.lang.AssertionError">
            <message>
              <![CDATA[expected [1 Free CRM for Any Business: Online Customer Relationship Software] but found [Free CRM software in the cloud powers sales and customer service]]]>
            </message>
            <full-stacktrace>
              <![CDATA[java.lang.AssertionError: expected [1 Free CRM for Any Business: Online Customer Relationship Software] but found [Free CRM software in the cloud powers sales and customer service]
	at org.testng.Assert.fail(Assert.java:93)
	at org.testng.Assert.failNotEquals(Assert.java:512)
	at org.testng.Assert.assertEqualsImpl(Assert.java:134)
	at org.testng.Assert.assertEquals(Assert.java:115)
	at org.testng.Assert.assertEquals(Assert.java:189)
	at org.testng.Assert.assertEquals(Assert.java:199)
	at testcases.LoginPageTest.LoginPageTitle(LoginPageTest.java:45)
	at sun.reflect.NativeMethodAccessorImpl.invoke0(Native Method)
	at sun.reflect.NativeMethodAccessorImpl.invoke(Unknown Source)
	at sun.reflect.DelegatingMethodAccessorImpl.invoke(Unknown Source)
	at java.lang.reflect.Method.invoke(Unknown Source)
	at org.testng.internal.MethodInvocationHelper.invokeMethod(MethodInvocationHelper.java:108)
	at org.testng.internal.Invoker.invokeMethod(Invoker.java:661)
	at org.testng.internal.Invoker.invokeTestMethod(Invoker.java:869)
	at org.testng.internal.Invoker.invokeTestMethods(Invoker.java:1193)
	at org.testng.internal.TestMethodWorker.invokeTestMethods(TestMethodWorker.java:126)
	at org.testng.internal.TestMethodWorker.run(TestMethodWorker.java:109)
	at org.testng.TestRunner.privateRun(TestRunner.java:744)
	at org.testng.TestRunner.run(TestRunner.java:602)
	at org.testng.SuiteRunner.runTest(SuiteRunner.java:380)
	at org.testng.SuiteRunner.runSequentially(SuiteRunner.java:375)
	at org.testng.SuiteRunner.privateRun(SuiteRunner.java:340)
	at org.testng.SuiteRunner.run(SuiteRunner.java:289)
	at org.testng.SuiteRunnerWorker.runSuite(SuiteRunnerWorker.java:52)
	at org.testng.SuiteRunnerWorker.run(SuiteRunnerWorker.java:86)
	at org.testng.TestNG.runSuitesSequentially(TestNG.java:1301)
	at org.testng.TestNG.runSuitesLocally(TestNG.java:1226)
	at org.testng.TestNG.runSuites(TestNG.java:1144)
	at org.testng.TestNG.run(TestNG.java:1115)
	at org.testng.remote.AbstractRemoteTestNG.run(AbstractRemoteTestNG.java:114)
	at org.testng.remote.RemoteTestNG.initAndRun(RemoteTestNG.java:251)
	at org.testng.remote.RemoteTestNG.main(RemoteTestNG.java:77)
]]>
            </full-stacktrace>
          </exception> <!-- java.lang.AssertionError -->
          <reporter-output>
          </reporter-output>
        </test-method> <!-- LoginPageTitle -->
        <test-method status="PASS" signature="TearDown()[pri:0, instance:testcases.LoginPageTest@7d9d1a19]" name="TearDown" is-config="true" duration-ms="779" started-at="2018-06-28T01:05:36Z" finished-at="2018-06-28T01:05:37Z">
          <reporter-output>
          </reporter-output>
        </test-method> <!-- TearDown -->
        <test-method status="PASS" signature="SetUp()[pri:0, instance:testcases.LoginPageTest@7d9d1a19]" name="SetUp" is-config="true" duration-ms="3976" started-at="2018-06-28T01:05:37Z" finished-at="2018-06-28T01:05:41Z">
          <reporter-output>
          </reporter-output>
        </test-method> <!-- SetUp -->
        <test-method status="PASS" signature="CRMLogoImgTest()[pri:2, instance:testcases.LoginPageTest@7d9d1a19]" name="CRMLogoImgTest" duration-ms="185" started-at="2018-06-28T01:05:41Z" finished-at="2018-06-28T01:05:41Z">
          <reporter-output>
          </reporter-output>
        </test-method> <!-- CRMLogoImgTest -->
        <test-method status="PASS" signature="TearDown()[pri:0, instance:testcases.LoginPageTest@7d9d1a19]" name="TearDown" is-config="true" duration-ms="799" started-at="2018-06-28T01:05:41Z" finished-at="2018-06-28T01:05:42Z">
          <reporter-output>
          </reporter-output>
        </test-method> <!-- TearDown -->
        <test-method status="PASS" signature="SetUp()[pri:0, instance:testcases.LoginPageTest@7d9d1a19]" name="SetUp" is-config="true" duration-ms="3468" started-at="2018-06-28T01:05:42Z" finished-at="2018-06-28T01:05:45Z">
          <reporter-output>
          </reporter-output>
        </test-method> <!-- SetUp -->
        <test-method status="PASS" signature="LoginTest()[pri:3, instance:testcases.LoginPageTest@7d9d1a19]" name="LoginTest" duration-ms="7165" started-at="2018-06-28T01:05:45Z" finished-at="2018-06-28T01:05:52Z">
          <reporter-output>
          </reporter-output>
        </test-method> <!-- LoginTest -->
        <test-method status="PASS" signature="TearDown()[pri:0, instance:testcases.LoginPageTest@7d9d1a19]" name="TearDown" is-config="true" duration-ms="808" started-at="2018-06-28T01:05:52Z" finished-at="2018-06-28T01:05:53Z">
          <reporter-output>
          </reporter-output>
        </test-method> <!-- TearDown -->
      </class> <!-- testcases.LoginPageTest -->
    </test> <!-- Free CRM Learning Automation Test Cases -->
  </suite> <!-- Free CRM Learning Automation Suite -->
</testng-results>
