<?xml version="1.0" encoding="UTF-8"?>
<testng-results skipped="0" failed="0" ignored="0" total="3" passed="3">
  <reporter-output>
  </reporter-output>
  <suite name="Free CRM Learning Automation Suite" duration-ms="42223" started-at="2018-03-19T03:21:23Z" finished-at="2018-03-19T03:22:05Z">
    <groups>
    </groups>
    <test name="Free CRM Learning Automation Test Cases" duration-ms="42223" started-at="2018-03-19T03:21:23Z" finished-at="2018-03-19T03:22:05Z">
      <class name="testcases.HomePageTest">
        <test-method status="PASS" signature="SetUp()[pri:0, instance:testcases.HomePageTest@42d80b78]" name="SetUp" is-config="true" duration-ms="15814" started-at="2018-03-19T00:21:23Z" finished-at="2018-03-19T00:21:39Z">
          <reporter-output>
          </reporter-output>
        </test-method> <!-- SetUp -->
        <test-method status="PASS" signature="verifyHomePageTitleTest()[pri:1, instance:testcases.HomePageTest@42d80b78]" name="verifyHomePageTitleTest" duration-ms="22" started-at="2018-03-19T00:21:39Z" finished-at="2018-03-19T00:21:39Z">
          <reporter-output>
          </reporter-output>
        </test-method> <!-- verifyHomePageTitleTest -->
        <test-method status="PASS" signature="TearDown()[pri:0, instance:testcases.HomePageTest@42d80b78]" name="TearDown" is-config="true" duration-ms="806" started-at="2018-03-19T00:21:39Z" finished-at="2018-03-19T00:21:40Z">
          <reporter-output>
          </reporter-output>
        </test-method> <!-- TearDown -->
        <test-method status="PASS" signature="SetUp()[pri:0, instance:testcases.HomePageTest@42d80b78]" name="SetUp" is-config="true" duration-ms="10832" started-at="2018-03-19T00:21:40Z" finished-at="2018-03-19T00:21:51Z">
          <reporter-output>
          </reporter-output>
        </test-method> <!-- SetUp -->
        <test-method status="PASS" signature="verifyUserNameTest()[pri:2, instance:testcases.HomePageTest@42d80b78]" name="verifyUserNameTest" duration-ms="102" started-at="2018-03-19T00:21:51Z" finished-at="2018-03-19T00:21:51Z">
          <reporter-output>
          </reporter-output>
        </test-method> <!-- verifyUserNameTest -->
        <test-method status="PASS" signature="TearDown()[pri:0, instance:testcases.HomePageTest@42d80b78]" name="TearDown" is-config="true" duration-ms="770" started-at="2018-03-19T00:21:51Z" finished-at="2018-03-19T00:21:51Z">
          <reporter-output>
          </reporter-output>
        </test-method> <!-- TearDown -->
        <test-method status="PASS" signature="SetUp()[pri:0, instance:testcases.HomePageTest@42d80b78]" name="SetUp" is-config="true" duration-ms="12904" started-at="2018-03-19T00:21:51Z" finished-at="2018-03-19T00:22:04Z">
          <reporter-output>
          </reporter-output>
        </test-method> <!-- SetUp -->
        <test-method status="PASS" signature="verifyContactsLinkTest()[pri:3, instance:testcases.HomePageTest@42d80b78]" name="verifyContactsLinkTest" duration-ms="171" started-at="2018-03-19T00:22:04Z" finished-at="2018-03-19T00:22:05Z">
          <reporter-output>
          </reporter-output>
        </test-method> <!-- verifyContactsLinkTest -->
        <test-method status="PASS" signature="TearDown()[pri:0, instance:testcases.HomePageTest@42d80b78]" name="TearDown" is-config="true" duration-ms="747" started-at="2018-03-19T00:22:05Z" finished-at="2018-03-19T00:22:05Z">
          <reporter-output>
          </reporter-output>
        </test-method> <!-- TearDown -->
      </class> <!-- testcases.HomePageTest -->
    </test> <!-- Free CRM Learning Automation Test Cases -->
  </suite> <!-- Free CRM Learning Automation Suite -->
</testng-results>
